# Logfile created on Sat Nov 12 13:55:43 +0300 2011/!\ FAILSAFE /!\  Sat Nov 12 13:56:19 +0300 2011
  Status: 500 Internal Server Error
  Can't connect to local MySQL server through socket '/opt/lampp/var/mysql/mysql.sock' (111)
    /usr/lib/ruby/gems/1.8/gems/activerecord-2.3.8/lib/active_record/connection_adapters/mysql_adapter.rb:619:in `real_connect'
    /usr/lib/ruby/gems/1.8/gems/activerecord-2.3.8/lib/active_record/connection_adapters/mysql_adapter.rb:619:in `connect'
    /usr/lib/ruby/gems/1.8/gems/activerecord-2.3.8/lib/active_record/connection_adapters/mysql_adapter.rb:203:in `initialize'
    /usr/lib/ruby/gems/1.8/gems/activerecord-2.3.8/lib/active_record/connection_adapters/mysql_adapter.rb:75:in `new'
    /usr/lib/ruby/gems/1.8/gems/activerecord-2.3.8/lib/active_record/connection_adapters/mysql_adapter.rb:75:in `mysql_connection'
    /usr/lib/ruby/gems/1.8/gems/activerecord-2.3.8/lib/active_record/connection_adapters/abstract/connection_pool.rb:223:in `send'
    /usr/lib/ruby/gems/1.8/gems/activerecord-2.3.8/lib/active_record/connection_adapters/abstract/connection_pool.rb:223:in `new_connection'
    /usr/lib/ruby/gems/1.8/gems/activerecord-2.3.8/lib/active_record/connection_adapters/abstract/connection_pool.rb:245:in `checkout_new_connection'
    /usr/lib/ruby/gems/1.8/gems/activerecord-2.3.8/lib/active_record/connection_adapters/abstract/connection_pool.rb:188:in `checkout'
    /usr/lib/ruby/gems/1.8/gems/activerecord-2.3.8/lib/active_record/connection_adapters/abstract/connection_pool.rb:184:in `loop'
    /usr/lib/ruby/gems/1.8/gems/activerecord-2.3.8/lib/active_record/connection_adapters/abstract/connection_pool.rb:184:in `checkout'
    /usr/lib/ruby/1.8/monitor.rb:242:in `synchronize'
    /usr/lib/ruby/gems/1.8/gems/activerecord-2.3.8/lib/active_record/connection_adapters/abstract/connection_pool.rb:183:in `checkout'
    /usr/lib/ruby/gems/1.8/gems/activerecord-2.3.8/lib/active_record/connection_adapters/abstract/connection_pool.rb:98:in `connection'
    /usr/lib/ruby/gems/1.8/gems/activerecord-2.3.8/lib/active_record/connection_adapters/abstract/connection_pool.rb:326:in `retrieve_connection'
    /usr/lib/ruby/gems/1.8/gems/activerecord-2.3.8/lib/active_record/connection_adapters/abstract/connection_specification.rb:123:in `retrieve_connection'
    /usr/lib/ruby/gems/1.8/gems/activerecord-2.3.8/lib/active_record/connection_adapters/abstract/connection_specification.rb:115:in `connection'
    /usr/lib/ruby/gems/1.8/gems/activerecord-2.3.8/lib/active_record/query_cache.rb:9:in `cache'
    /usr/lib/ruby/gems/1.8/gems/activerecord-2.3.8/lib/active_record/query_cache.rb:28:in `call'
    /usr/lib/ruby/gems/1.8/gems/activerecord-2.3.8/lib/active_record/connection_adapters/abstract/connection_pool.rb:361:in `call'
    /usr/lib/ruby/gems/1.8/gems/actionpack-2.3.8/lib/action_controller/failsafe.rb:26:in `call'
    /usr/lib/ruby/gems/1.8/gems/rack-1.1.2/lib/rack/lock.rb:11:in `call'
    /usr/lib/ruby/gems/1.8/gems/rack-1.1.2/lib/rack/lock.rb:11:in `synchronize'
    /usr/lib/ruby/gems/1.8/gems/rack-1.1.2/lib/rack/lock.rb:11:in `call'
    /usr/lib/ruby/gems/1.8/gems/actionpack-2.3.8/lib/action_controller/dispatcher.rb:114:in `call'
    /usr/lib/ruby/gems/1.8/gems/actionpack-2.3.8/lib/action_controller/reloader.rb:34:in `run'
    /usr/lib/ruby/gems/1.8/gems/actionpack-2.3.8/lib/action_controller/dispatcher.rb:108:in `call'
    /usr/lib/ruby/gems/1.8/gems/rails-2.3.8/lib/rails/rack/static.rb:31:in `call'
    /usr/lib/ruby/gems/1.8/gems/rack-1.1.2/lib/rack/urlmap.rb:47:in `call'
    /usr/lib/ruby/gems/1.8/gems/rack-1.1.2/lib/rack/urlmap.rb:41:in `each'
    /usr/lib/ruby/gems/1.8/gems/rack-1.1.2/lib/rack/urlmap.rb:41:in `call'
    /usr/lib/ruby/gems/1.8/gems/rails-2.3.8/lib/rails/rack/log_tailer.rb:17:in `call'
    /usr/lib/ruby/gems/1.8/gems/rack-1.1.2/lib/rack/content_length.rb:13:in `call'
    /usr/lib/ruby/gems/1.8/gems/rack-1.1.2/lib/rack/chunked.rb:15:in `call'
    /usr/lib/ruby/gems/1.8/gems/rack-1.1.2/lib/rack/handler/mongrel.rb:67:in `process'
    /usr/lib/ruby/gems/1.8/gems/mongrel-1.1.5/lib/mongrel.rb:159:in `process_client'
    /usr/lib/ruby/gems/1.8/gems/mongrel-1.1.5/lib/mongrel.rb:158:in `each'
    /usr/lib/ruby/gems/1.8/gems/mongrel-1.1.5/lib/mongrel.rb:158:in `process_client'
    /usr/lib/ruby/gems/1.8/gems/mongrel-1.1.5/lib/mongrel.rb:285:in `run'
    /usr/lib/ruby/gems/1.8/gems/mongrel-1.1.5/lib/mongrel.rb:285:in `initialize'
    /usr/lib/ruby/gems/1.8/gems/mongrel-1.1.5/lib/mongrel.rb:285:in `new'
    /usr/lib/ruby/gems/1.8/gems/mongrel-1.1.5/lib/mongrel.rb:285:in `run'
    /usr/lib/ruby/gems/1.8/gems/mongrel-1.1.5/lib/mongrel.rb:268:in `initialize'
    /usr/lib/ruby/gems/1.8/gems/mongrel-1.1.5/lib/mongrel.rb:268:in `new'
    /usr/lib/ruby/gems/1.8/gems/mongrel-1.1.5/lib/mongrel.rb:268:in `run'
    /usr/lib/ruby/gems/1.8/gems/rack-1.1.2/lib/rack/handler/mongrel.rb:38:in `run'
    /usr/lib/ruby/gems/1.8/gems/rails-2.3.8/lib/commands/server.rb:111
    /usr/lib/ruby/site_ruby/1.8/rubygems/custom_require.rb:29:in `gem_original_require'
    /usr/lib/ruby/site_ruby/1.8/rubygems/custom_require.rb:29:in `require'
    ./script/server:3
  [4;36;1mSQL (29.0ms)[0m   [0;1mSET SQL_AUTO_IS_NULL=0[0m


Processing AdminController#manage_subpartitions (for 127.0.0.1 at 2011-11-12 13:57:24) [GET]
  [4;35;1mConfigs Columns (10.2ms)[0m   [0mSHOW FIELDS FROM `configs`[0m
  [4;36;1mConfigs Indexes (0.5ms)[0m   [0;1mSHOW KEYS FROM `configs`[0m
  [4;35;1mConfigs Load (3.1ms)[0m   [0mSELECT * FROM `configs` WHERE (`configs`.`name` = 'maxwidth_avatars') LIMIT 1[0m
  [4;36;1mConfigs Load (0.7ms)[0m   [0;1mSELECT * FROM `configs` WHERE (`configs`.`name` = 'maxheight_avatars') LIMIT 1[0m
  [4;35;1mConfigs Load (0.7ms)[0m   [0mSELECT * FROM `configs` WHERE (`configs`.`name` = 'maxsize_avatars') LIMIT 1[0m
  [4;36;1mConfigs Load (0.5ms)[0m   [0;1mSELECT * FROM `configs` WHERE (`configs`.`name` = 'maxchar_signature') LIMIT 1[0m
  [4;35;1mUser Load (1.5ms)[0m   [0mSELECT `users`.id FROM `users` WHERE (`users`.`id` IS NULL) LIMIT 1[0m
  [4;36;1mConfigs Load (0.4ms)[0m   [0;1mSELECT * FROM `configs` WHERE (`configs`.`name` = 'default_lang') LIMIT 1[0m
  [4;35;1mConfigs Load (1.2ms)[0m   [0mSELECT * FROM `configs` WHERE (`configs`.`name` = 'enable_maintenance') LIMIT 1[0m
  [4;36;1mBan Columns (1.7ms)[0m   [0;1mSHOW FIELDS FROM `bans`[0m
  [4;35;1mBan Indexes (0.5ms)[0m   [0mSHOW KEYS FROM `bans`[0m
  [4;36;1mBan Load (0.4ms)[0m   [0;1mSELECT * FROM `bans` WHERE (`bans`.`ip` = '127.0.0.1') LIMIT 1[0m
  [4;35;1mCACHE (0.0ms)[0m   [0mSELECT `users`.id FROM `users` WHERE (`users`.`id` IS NULL) LIMIT 1[0m
  [4;36;1mConfigs Load (0.4ms)[0m   [0;1mSELECT * FROM `configs` WHERE (`configs`.`name` = 'default_style') LIMIT 1[0m
  [4;35;1mGroup Columns (2.5ms)[0m   [0mSHOW FIELDS FROM `groups`[0m
  [4;36;1mGroup Indexes (0.7ms)[0m   [0;1mSHOW KEYS FROM `groups`[0m
  [4;35;1mGroup Load (0.5ms)[0m   [0mSELECT * FROM `groups` WHERE (`groups`.`is_guest` = 1) LIMIT 1[0m
  [4;36;1mConfigs Load (0.4ms)[0m   [0;1mSELECT * FROM `configs` WHERE (`configs`.`name` = 'allow_jumpmenu') LIMIT 1[0m
  [4;35;1mPartition Load (17.3ms)[0m   [0mSELECT * FROM `partitions` [0m
  [4;36;1mGroup Load (0.4ms)[0m   [0;1mSELECT `groups`.id FROM `groups` WHERE (`groups`.`id` = 2) LIMIT 1[0m
  [4;35;1mGroup Load (0.5ms)[0m   [0mSELECT * FROM `groups` WHERE (`groups`.`id` = 2) [0m
  [4;36;1mPartition Columns (1.4ms)[0m   [0;1mSHOW FIELDS FROM `partitions`[0m
  [4;35;1mPartition Indexes (0.9ms)[0m   [0mSHOW KEYS FROM `partitions`[0m
  [4;36;1mSubpartition Load (3.1ms)[0m   [0;1mSELECT * FROM `subpartitions` WHERE (`subpartitions`.partition_id = 1) [0m
  [4;35;1mSubpartition Columns (1.1ms)[0m   [0mSHOW FIELDS FROM `subpartitions`[0m
  [4;36;1mSubpartition Indexes (2.5ms)[0m   [0;1mSHOW KEYS FROM `subpartitions`[0m
  [4;35;1mForumPerm Columns (3.3ms)[0m   [0mSHOW FIELDS FROM `forum_perms`[0m
  [4;36;1mForumPerm Indexes (1.5ms)[0m   [0;1mSHOW KEYS FROM `forum_perms`[0m
  [4;35;1mForumPerm Load (8.2ms)[0m   [0mSELECT * FROM `forum_perms` WHERE (`forum_perms`.`subpartition_id` = 1) AND (`forum_perms`.group_id = 2) LIMIT 1[0m
  [4;36;1mCACHE (0.0ms)[0m   [0;1mSELECT `users`.id FROM `users` WHERE (`users`.`id` IS NULL) LIMIT 1[0m
Redirected to http://localhost:3000/admin/message
Filter chain halted as [:check_user_privileges] rendered_or_redirected.
Completed in 2209ms (DB: 137) | 302 Found [http://localhost/admin/manage_subpartitions]
  [4;35;1mSQL (0.1ms)[0m   [0mSET SQL_AUTO_IS_NULL=0[0m


Processing AdminController#message (for 127.0.0.1 at 2011-11-12 13:57:27) [GET]
  [4;36;1mConfigs Columns (3.4ms)[0m   [0;1mSHOW FIELDS FROM `configs`[0m
  [4;35;1mConfigs Indexes (2.4ms)[0m   [0mSHOW KEYS FROM `configs`[0m
  [4;36;1mConfigs Load (2.4ms)[0m   [0;1mSELECT * FROM `configs` WHERE (`configs`.`name` = 'maxwidth_avatars') LIMIT 1[0m
  [4;35;1mConfigs Load (2.0ms)[0m   [0mSELECT * FROM `configs` WHERE (`configs`.`name` = 'maxheight_avatars') LIMIT 1[0m
  [4;36;1mConfigs Load (1.0ms)[0m   [0;1mSELECT * FROM `configs` WHERE (`configs`.`name` = 'maxsize_avatars') LIMIT 1[0m
  [4;35;1mConfigs Load (0.5ms)[0m   [0mSELECT * FROM `configs` WHERE (`configs`.`name` = 'maxchar_signature') LIMIT 1[0m
  [4;36;1mUser Load (0.3ms)[0m   [0;1mSELECT `users`.id FROM `users` WHERE (`users`.`id` IS NULL) LIMIT 1[0m
  [4;35;1mConfigs Load (0.4ms)[0m   [0mSELECT * FROM `configs` WHERE (`configs`.`name` = 'default_lang') LIMIT 1[0m
  [4;36;1mConfigs Load (0.6ms)[0m   [0;1mSELECT * FROM `configs` WHERE (`configs`.`name` = 'enable_maintenance') LIMIT 1[0m
  [4;35;1mBan Columns (0.8ms)[0m   [0mSHOW FIELDS FROM `bans`[0m
  [4;36;1mBan Indexes (0.4ms)[0m   [0;1mSHOW KEYS FROM `bans`[0m
  [4;35;1mBan Load (0.4ms)[0m   [0mSELECT * FROM `bans` WHERE (`bans`.`ip` = '127.0.0.1') LIMIT 1[0m
  [4;36;1mCACHE (0.0ms)[0m   [0;1mSELECT `users`.id FROM `users` WHERE (`users`.`id` IS NULL) LIMIT 1[0m
  [4;35;1mConfigs Load (2.2ms)[0m   [0mSELECT * FROM `configs` WHERE (`configs`.`name` = 'default_style') LIMIT 1[0m
  [4;36;1mGroup Columns (1.6ms)[0m   [0;1mSHOW FIELDS FROM `groups`[0m
  [4;35;1mGroup Indexes (0.5ms)[0m   [0mSHOW KEYS FROM `groups`[0m
  [4;36;1mGroup Load (0.5ms)[0m   [0;1mSELECT * FROM `groups` WHERE (`groups`.`is_guest` = 1) LIMIT 1[0m
  [4;35;1mConfigs Load (0.4ms)[0m   [0mSELECT * FROM `configs` WHERE (`configs`.`name` = 'allow_jumpmenu') LIMIT 1[0m
  [4;36;1mPartition Load (0.3ms)[0m   [0;1mSELECT * FROM `partitions` [0m
  [4;35;1mGroup Load (2.0ms)[0m   [0mSELECT `groups`.id FROM `groups` WHERE (`groups`.`id` = 2) LIMIT 1[0m
  [4;36;1mGroup Load (0.5ms)[0m   [0;1mSELECT * FROM `groups` WHERE (`groups`.`id` = 2) [0m
  [4;35;1mPartition Columns (0.8ms)[0m   [0mSHOW FIELDS FROM `partitions`[0m
  [4;36;1mPartition Indexes (0.4ms)[0m   [0;1mSHOW KEYS FROM `partitions`[0m
  [4;35;1mSubpartition Load (0.4ms)[0m   [0mSELECT * FROM `subpartitions` WHERE (`subpartitions`.partition_id = 1) [0m
  [4;36;1mSubpartition Columns (2.5ms)[0m   [0;1mSHOW FIELDS FROM `subpartitions`[0m
  [4;35;1mSubpartition Indexes (0.4ms)[0m   [0mSHOW KEYS FROM `subpartitions`[0m
  [4;36;1mForumPerm Columns (2.4ms)[0m   [0;1mSHOW FIELDS FROM `forum_perms`[0m
  [4;35;1mForumPerm Indexes (0.5ms)[0m   [0mSHOW KEYS FROM `forum_perms`[0m
  [4;36;1mForumPerm Load (0.4ms)[0m   [0;1mSELECT * FROM `forum_perms` WHERE (`forum_perms`.`subpartition_id` = 1) AND (`forum_perms`.group_id = 2) LIMIT 1[0m
  [4;35;1mCACHE (0.0ms)[0m   [0mSELECT `users`.id FROM `users` WHERE (`users`.`id` IS NULL) LIMIT 1[0m
Rendering template within layouts/forum
Rendering admin/message
  [4;36;1mConfigs Load (0.4ms)[0m   [0;1mSELECT * FROM `configs` WHERE (`configs`.`name` = 'board_title') LIMIT 1[0m
  [4;35;1mConfigs Load (0.4ms)[0m   [0mSELECT * FROM `configs` WHERE (`configs`.`name` = 'board_desc') LIMIT 1[0m
Rendered forum/_board_title (4.1ms)
  [4;36;1mConfigs Load (0.6ms)[0m   [0;1mSELECT * FROM `configs` WHERE (`configs`.`name` = 'allow_registration') LIMIT 1[0m
  [4;35;1mGroup Load (0.5ms)[0m   [0mSELECT * FROM `groups` WHERE (is_admin = 1) LIMIT 1[0m
  [4;36;1mConfigs Load (0.5ms)[0m   [0;1mSELECT * FROM `configs` WHERE (`configs`.`name` = 'allow_notice') LIMIT 1[0m
Rendered forum/_show_notice_block (124.7ms)
  [4;35;1mCACHE (0.0ms)[0m   [0mSELECT * FROM `configs` WHERE (`configs`.`name` = 'allow_jumpmenu') LIMIT 1[0m
  [4;36;1mConfigs Load (0.4ms)[0m   [0;1mSELECT * FROM `configs` WHERE (`configs`.`name` = 'show_version') LIMIT 1[0m
Rendered forum/_forum_basement (11.3ms)
Completed in 646ms (View: 232, DB: 35) | 200 OK [http://localhost/admin/message]
  [4;35;1mSQL (0.5ms)[0m   [0mSET SQL_AUTO_IS_NULL=0[0m


Processing ForumController#login (for 127.0.0.1 at 2011-11-12 13:57:30) [GET]
  [4;36;1mConfigs Columns (0.8ms)[0m   [0;1mSHOW FIELDS FROM `configs`[0m
  [4;35;1mConfigs Indexes (0.5ms)[0m   [0mSHOW KEYS FROM `configs`[0m
  [4;36;1mConfigs Load (0.5ms)[0m   [0;1mSELECT * FROM `configs` WHERE (`configs`.`name` = 'maxwidth_avatars') LIMIT 1[0m
  [4;35;1mConfigs Load (0.5ms)[0m   [0mSELECT * FROM `configs` WHERE (`configs`.`name` = 'maxheight_avatars') LIMIT 1[0m
  [4;36;1mConfigs Load (0.5ms)[0m   [0;1mSELECT * FROM `configs` WHERE (`configs`.`name` = 'maxsize_avatars') LIMIT 1[0m
  [4;35;1mConfigs Load (0.5ms)[0m   [0mSELECT * FROM `configs` WHERE (`configs`.`name` = 'maxchar_signature') LIMIT 1[0m
  [4;36;1mUser Load (0.3ms)[0m   [0;1mSELECT `users`.id FROM `users` WHERE (`users`.`id` IS NULL) LIMIT 1[0m
  [4;35;1mConfigs Load (0.4ms)[0m   [0mSELECT * FROM `configs` WHERE (`configs`.`name` = 'default_lang') LIMIT 1[0m
  [4;36;1mConfigs Load (0.6ms)[0m   [0;1mSELECT * FROM `configs` WHERE (`configs`.`name` = 'enable_maintenance') LIMIT 1[0m
  [4;35;1mBan Columns (0.8ms)[0m   [0mSHOW FIELDS FROM `bans`[0m
  [4;36;1mBan Indexes (0.4ms)[0m   [0;1mSHOW KEYS FROM `bans`[0m
  [4;35;1mBan Load (0.4ms)[0m   [0mSELECT * FROM `bans` WHERE (`bans`.`ip` = '127.0.0.1') LIMIT 1[0m
  [4;36;1mCACHE (0.0ms)[0m   [0;1mSELECT `users`.id FROM `users` WHERE (`users`.`id` IS NULL) LIMIT 1[0m
  [4;35;1mConfigs Load (0.4ms)[0m   [0mSELECT * FROM `configs` WHERE (`configs`.`name` = 'default_style') LIMIT 1[0m
  [4;36;1mGroup Columns (1.5ms)[0m   [0;1mSHOW FIELDS FROM `groups`[0m
  [4;35;1mGroup Indexes (0.4ms)[0m   [0mSHOW KEYS FROM `groups`[0m
  [4;36;1mGroup Load (0.5ms)[0m   [0;1mSELECT * FROM `groups` WHERE (`groups`.`is_guest` = 1) LIMIT 1[0m
  [4;35;1mConfigs Load (0.4ms)[0m   [0mSELECT * FROM `configs` WHERE (`configs`.`name` = 'allow_jumpmenu') LIMIT 1[0m
  [4;36;1mPartition Load (0.3ms)[0m   [0;1mSELECT * FROM `partitions` [0m
  [4;35;1mGroup Load (0.4ms)[0m   [0mSELECT `groups`.id FROM `groups` WHERE (`groups`.`id` = 2) LIMIT 1[0m
  [4;36;1mGroup Load (0.5ms)[0m   [0;1mSELECT * FROM `groups` WHERE (`groups`.`id` = 2) [0m
  [4;35;1mPartition Columns (0.7ms)[0m   [0mSHOW FIELDS FROM `partitions`[0m
  [4;36;1mPartition Indexes (0.5ms)[0m   [0;1mSHOW KEYS FROM `partitions`[0m
  [4;35;1mSubpartition Load (0.4ms)[0m   [0mSELECT * FROM `subpartitions` WHERE (`subpartitions`.partition_id = 1) [0m
  [4;36;1mSubpartition Columns (0.9ms)[0m   [0;1mSHOW FIELDS FROM `subpartitions`[0m
  [4;35;1mSubpartition Indexes (0.5ms)[0m   [0mSHOW KEYS FROM `subpartitions`[0m
  [4;36;1mForumPerm Columns (0.8ms)[0m   [0;1mSHOW FIELDS FROM `forum_perms`[0m
  [4;35;1mForumPerm Indexes (0.4ms)[0m   [0mSHOW KEYS FROM `forum_perms`[0m
  [4;36;1mForumPerm Load (0.4ms)[0m   [0;1mSELECT * FROM `forum_perms` WHERE (`forum_perms`.`subpartition_id` = 1) AND (`forum_perms`.group_id = 2) LIMIT 1[0m
  [4;35;1mCACHE (0.0ms)[0m   [0mSELECT `users`.id FROM `users` WHERE (`users`.`id` IS NULL) LIMIT 1[0m
  [4;36;1mCACHE (0.0ms)[0m   [0;1mSELECT * FROM `configs` WHERE (`configs`.`name` = 'default_style') LIMIT 1[0m
  [4;35;1mConfigs Load (0.4ms)[0m   [0mSELECT * FROM `configs` WHERE (`configs`.`name` = 'online_timeout') LIMIT 1[0m
  [4;36;1mOnline Load (13.0ms)[0m   [0;1mSELECT * FROM `onlines` WHERE (last_visit < '2011-11-12 10:57:00' or last_visit = '2011-11-12 10:57:00') [0m
  [4;35;1mOnline Columns (1.0ms)[0m   [0mSHOW FIELDS FROM `onlines`[0m
  [4;36;1mOnline Indexes (0.6ms)[0m   [0;1mSHOW KEYS FROM `onlines`[0m
  [4;35;1mUser Columns (2.8ms)[0m   [0mSHOW FIELDS FROM `users`[0m
  [4;36;1mUser Indexes (0.8ms)[0m   [0;1mSHOW KEYS FROM `users`[0m
  [4;35;1mUser Load (0.7ms)[0m   [0mSELECT * FROM `users` WHERE (`users`.`id` = 2) [0m
  [4;36;1mConfigs Load (0.5ms)[0m   [0;1mSELECT * FROM `configs` WHERE (`configs`.`name` = 'visit_timeout') LIMIT 1[0m
  [4;35;1mSQL (0.1ms)[0m   [0mBEGIN[0m
  [4;36;1mUser Update (0.6ms)[0m   [0;1mUPDATE `users` SET `last_visit` = '2011-11-11 20:18:03' WHERE `id` = 2[0m
[paperclip] Saving attachments.
  [4;35;1mSQL (40.1ms)[0m   [0mCOMMIT[0m
  [4;36;1mOnline Delete all (33.0ms)[0m   [0;1mDELETE FROM `onlines` WHERE (`id` IN (1)) [0m
  [4;35;1mUser Load (1.1ms)[0m   [0mSELECT * FROM `users` WHERE (`users`.`id` = 1) [0m
  [4;36;1mConfigs Load (0.8ms)[0m   [0;1mSELECT * FROM `configs` WHERE (`configs`.`name` = 'visit_timeout') LIMIT 1[0m
  [4;35;1mSQL (0.2ms)[0m   [0mBEGIN[0m
  [4;36;1mUser Update (0.4ms)[0m   [0;1mUPDATE `users` SET `last_visit` = '2011-11-11 20:18:12' WHERE `id` = 1[0m
[paperclip] Saving attachments.
  [4;35;1mSQL (31.2ms)[0m   [0mCOMMIT[0m
  [4;36;1mOnline Delete all (32.4ms)[0m   [0;1mDELETE FROM `onlines` WHERE (`id` IN (2)) [0m
Rendering template within layouts/forum
Rendering forum/login
  [4;35;1mConfigs Load (0.4ms)[0m   [0mSELECT * FROM `configs` WHERE (`configs`.`name` = 'board_title') LIMIT 1[0m
  [4;36;1mConfigs Load (0.4ms)[0m   [0;1mSELECT * FROM `configs` WHERE (`configs`.`name` = 'board_desc') LIMIT 1[0m
Rendered forum/_board_title (0.2ms)
  [4;35;1mConfigs Load (0.5ms)[0m   [0mSELECT * FROM `configs` WHERE (`configs`.`name` = 'allow_registration') LIMIT 1[0m
  [4;36;1mGroup Load (0.5ms)[0m   [0;1mSELECT * FROM `groups` WHERE (is_admin = 1) LIMIT 1[0m
  [4;35;1mConfigs Load (0.5ms)[0m   [0mSELECT * FROM `configs` WHERE (`configs`.`name` = 'allow_notice') LIMIT 1[0m
Rendered forum/_show_notice_block (1.5ms)
  [4;36;1mConfigs Load (0.4ms)[0m   [0;1mSELECT * FROM `configs` WHERE (`configs`.`name` = 'allow_jumpmenu') LIMIT 1[0m
  [4;35;1mConfigs Load (0.4ms)[0m   [0mSELECT * FROM `configs` WHERE (`configs`.`name` = 'show_version') LIMIT 1[0m
Rendered forum/_forum_basement (3.7ms)
Completed in 674ms (View: 43, DB: 179) | 200 OK [http://localhost/forum/login]
  [4;36;1mSQL (0.2ms)[0m   [0;1mSET SQL_AUTO_IS_NULL=0[0m


Processing ForumController#login (for 127.0.0.1 at 2011-11-12 13:57:35) [POST]
  Parameters: {"commit"=>"Enter", "authenticity_token"=>"U5vxTX2CnnfpagMtosDjVTXIBS0sIYBRj658xJ3Xb+w=", "act"=>"enter", "user"=>{"username"=>"admin", "password"=>"admin"}}
  [4;35;1mConfigs Columns (0.7ms)[0m   [0mSHOW FIELDS FROM `configs`[0m
  [4;36;1mConfigs Indexes (3.4ms)[0m   [0;1mSHOW KEYS FROM `configs`[0m
  [4;35;1mConfigs Load (0.5ms)[0m   [0mSELECT * FROM `configs` WHERE (`configs`.`name` = 'maxwidth_avatars') LIMIT 1[0m
  [4;36;1mConfigs Load (0.5ms)[0m   [0;1mSELECT * FROM `configs` WHERE (`configs`.`name` = 'maxheight_avatars') LIMIT 1[0m
  [4;35;1mConfigs Load (0.5ms)[0m   [0mSELECT * FROM `configs` WHERE (`configs`.`name` = 'maxsize_avatars') LIMIT 1[0m
  [4;36;1mConfigs Load (0.5ms)[0m   [0;1mSELECT * FROM `configs` WHERE (`configs`.`name` = 'maxchar_signature') LIMIT 1[0m
  [4;35;1mUser Load (0.3ms)[0m   [0mSELECT `users`.id FROM `users` WHERE (`users`.`id` IS NULL) LIMIT 1[0m
  [4;36;1mConfigs Load (0.4ms)[0m   [0;1mSELECT * FROM `configs` WHERE (`configs`.`name` = 'default_lang') LIMIT 1[0m
  [4;35;1mConfigs Load (0.6ms)[0m   [0mSELECT * FROM `configs` WHERE (`configs`.`name` = 'enable_maintenance') LIMIT 1[0m
  [4;36;1mBan Columns (4.8ms)[0m   [0;1mSHOW FIELDS FROM `bans`[0m
  [4;35;1mBan Indexes (0.4ms)[0m   [0mSHOW KEYS FROM `bans`[0m
  [4;36;1mBan Load (3.1ms)[0m   [0;1mSELECT * FROM `bans` WHERE (`bans`.`ip` = '127.0.0.1') LIMIT 1[0m
  [4;35;1mCACHE (0.0ms)[0m   [0mSELECT `users`.id FROM `users` WHERE (`users`.`id` IS NULL) LIMIT 1[0m
  [4;36;1mConfigs Load (0.4ms)[0m   [0;1mSELECT * FROM `configs` WHERE (`configs`.`name` = 'default_style') LIMIT 1[0m
  [4;35;1mGroup Columns (1.7ms)[0m   [0mSHOW FIELDS FROM `groups`[0m
  [4;36;1mGroup Indexes (0.5ms)[0m   [0;1mSHOW KEYS FROM `groups`[0m
  [4;35;1mGroup Load (0.6ms)[0m   [0mSELECT * FROM `groups` WHERE (`groups`.`is_guest` = 1) LIMIT 1[0m
  [4;36;1mConfigs Load (0.4ms)[0m   [0;1mSELECT * FROM `configs` WHERE (`configs`.`name` = 'allow_jumpmenu') LIMIT 1[0m
  [4;35;1mPartition Load (0.3ms)[0m   [0mSELECT * FROM `partitions` [0m
  [4;36;1mGroup Load (0.4ms)[0m   [0;1mSELECT `groups`.id FROM `groups` WHERE (`groups`.`id` = 2) LIMIT 1[0m
  [4;35;1mGroup Load (0.5ms)[0m   [0mSELECT * FROM `groups` WHERE (`groups`.`id` = 2) [0m
  [4;36;1mPartition Columns (2.1ms)[0m   [0;1mSHOW FIELDS FROM `partitions`[0m
  [4;35;1mPartition Indexes (0.4ms)[0m   [0mSHOW KEYS FROM `partitions`[0m
  [4;36;1mSubpartition Load (2.5ms)[0m   [0;1mSELECT * FROM `subpartitions` WHERE (`subpartitions`.partition_id = 1) [0m
  [4;35;1mSubpartition Columns (1.1ms)[0m   [0mSHOW FIELDS FROM `subpartitions`[0m
  [4;36;1mSubpartition Indexes (0.8ms)[0m   [0;1mSHOW KEYS FROM `subpartitions`[0m
  [4;35;1mForumPerm Columns (2.1ms)[0m   [0mSHOW FIELDS FROM `forum_perms`[0m
  [4;36;1mForumPerm Indexes (1.5ms)[0m   [0;1mSHOW KEYS FROM `forum_perms`[0m
  [4;35;1mForumPerm Load (2.1ms)[0m   [0mSELECT * FROM `forum_perms` WHERE (`forum_perms`.`subpartition_id` = 1) AND (`forum_perms`.group_id = 2) LIMIT 1[0m
  [4;36;1mCACHE (0.0ms)[0m   [0;1mSELECT `users`.id FROM `users` WHERE (`users`.`id` IS NULL) LIMIT 1[0m
  [4;35;1mCACHE (0.0ms)[0m   [0mSELECT * FROM `configs` WHERE (`configs`.`name` = 'default_style') LIMIT 1[0m
  [4;36;1mConfigs Load (0.4ms)[0m   [0;1mSELECT * FROM `configs` WHERE (`configs`.`name` = 'online_timeout') LIMIT 1[0m
  [4;35;1mOnline Load (0.4ms)[0m   [0mSELECT * FROM `onlines` WHERE (last_visit < '2011-11-12 10:57:05' or last_visit = '2011-11-12 10:57:05') [0m
  [4;36;1mUser Columns (2.2ms)[0m   [0;1mSHOW FIELDS FROM `users`[0m
  [4;35;1mUser Indexes (0.4ms)[0m   [0mSHOW KEYS FROM `users`[0m
  [4;36;1mUser Load (0.5ms)[0m   [0;1mSELECT * FROM `users` WHERE (`users`.`name` = 'admin') LIMIT 1[0m
  [4;35;1mUser Load (0.5ms)[0m   [0mSELECT * FROM `users` WHERE (`users`.`passwd` = 'e42ce9cd466342e650a01dd1294d0633') LIMIT 1[0m
  [4;36;1mCACHE (0.0ms)[0m   [0;1mSELECT * FROM `groups` WHERE (`groups`.`is_guest` = 1) LIMIT 1[0m
  [4;35;1mUser Load (0.5ms)[0m   [0mSELECT * FROM `users` WHERE (`users`.`group_id` = 2) LIMIT 1[0m
  [4;36;1mOnline Load (0.4ms)[0m   [0;1mSELECT * FROM `onlines` WHERE (user_id = 2 and name = '127.0.0.1') LIMIT 1[0m
  [4;35;1mConfigs Load (3.9ms)[0m   [0mSELECT * FROM `configs` WHERE (`configs`.`name` = 'redirect_timeout') LIMIT 1[0m
Rendering /forum/redirecting
Completed in 453ms (View: 15, DB: 43) | 200 OK [http://localhost/forum/login?act=enter]
  [4;36;1mSQL (0.1ms)[0m   [0;1mSET SQL_AUTO_IS_NULL=0[0m


Processing ForumController#main (for 127.0.0.1 at 2011-11-12 13:57:36) [GET]
  [4;35;1mConfigs Columns (0.8ms)[0m   [0mSHOW FIELDS FROM `configs`[0m
  [4;36;1mConfigs Indexes (0.5ms)[0m   [0;1mSHOW KEYS FROM `configs`[0m
  [4;35;1mConfigs Load (0.5ms)[0m   [0mSELECT * FROM `configs` WHERE (`configs`.`name` = 'maxwidth_avatars') LIMIT 1[0m
  [4;36;1mConfigs Load (0.5ms)[0m   [0;1mSELECT * FROM `configs` WHERE (`configs`.`name` = 'maxheight_avatars') LIMIT 1[0m
  [4;35;1mConfigs Load (2.3ms)[0m   [0mSELECT * FROM `configs` WHERE (`configs`.`name` = 'maxsize_avatars') LIMIT 1[0m
  [4;36;1mConfigs Load (1.0ms)[0m   [0;1mSELECT * FROM `configs` WHERE (`configs`.`name` = 'maxchar_signature') LIMIT 1[0m
  [4;35;1mUser Load (0.4ms)[0m   [0mSELECT `users`.id FROM `users` WHERE (`users`.`id` = 1) LIMIT 1[0m
  [4;36;1mUser Columns (2.0ms)[0m   [0;1mSHOW FIELDS FROM `users`[0m
  [4;35;1mUser Indexes (0.5ms)[0m   [0mSHOW KEYS FROM `users`[0m
  [4;36;1mUser Load (0.5ms)[0m   [0;1mSELECT * FROM `users` WHERE (`users`.`id` = 1) [0m
  [4;35;1mConfigs Load (2.7ms)[0m   [0mSELECT * FROM `configs` WHERE (`configs`.`name` = 'enable_maintenance') LIMIT 1[0m
  [4;36;1mBan Columns (4.4ms)[0m   [0;1mSHOW FIELDS FROM `bans`[0m
  [4;35;1mBan Indexes (1.0ms)[0m   [0mSHOW KEYS FROM `bans`[0m
  [4;36;1mBan Load (0.4ms)[0m   [0;1mSELECT * FROM `bans` WHERE (`bans`.`username` = 'admin') LIMIT 1[0m
  [4;35;1mCACHE (0.0ms)[0m   [0mSELECT `users`.id FROM `users` WHERE (`users`.`id` = 1) LIMIT 1[0m
  [4;36;1mCACHE (0.0ms)[0m   [0;1mSELECT * FROM `users` WHERE (`users`.`id` = 1) [0m
  [4;35;1mGroup Columns (1.6ms)[0m   [0mSHOW FIELDS FROM `groups`[0m
  [4;36;1mGroup Indexes (0.5ms)[0m   [0;1mSHOW KEYS FROM `groups`[0m
  [4;35;1mGroup Load (0.5ms)[0m   [0mSELECT * FROM `groups` WHERE (`groups`.`id` = 1) [0m
  [4;36;1mConfigs Load (0.5ms)[0m   [0;1mSELECT * FROM `configs` WHERE (`configs`.`name` = 'allow_jumpmenu') LIMIT 1[0m
  [4;35;1mPartition Load (1.2ms)[0m   [0mSELECT * FROM `partitions` [0m
  [4;36;1mGroup Load (0.4ms)[0m   [0;1mSELECT `groups`.id FROM `groups` WHERE (`groups`.`id` = 1) LIMIT 1[0m
  [4;35;1mCACHE (0.0ms)[0m   [0mSELECT * FROM `groups` WHERE (`groups`.`id` = 1) [0m
  [4;36;1mPartition Columns (0.7ms)[0m   [0;1mSHOW FIELDS FROM `partitions`[0m
  [4;35;1mPartition Indexes (0.4ms)[0m   [0mSHOW KEYS FROM `partitions`[0m
  [4;36;1mSubpartition Load (0.4ms)[0m   [0;1mSELECT * FROM `subpartitions` WHERE (`subpartitions`.partition_id = 1) [0m
  [4;35;1mSubpartition Columns (3.8ms)[0m   [0mSHOW FIELDS FROM `subpartitions`[0m
  [4;36;1mSubpartition Indexes (0.4ms)[0m   [0;1mSHOW KEYS FROM `subpartitions`[0m
  [4;35;1mForumPerm Columns (0.9ms)[0m   [0mSHOW FIELDS FROM `forum_perms`[0m
  [4;36;1mForumPerm Indexes (0.4ms)[0m   [0;1mSHOW KEYS FROM `forum_perms`[0m
  [4;35;1mForumPerm Load (0.6ms)[0m   [0mSELECT * FROM `forum_perms` WHERE (`forum_perms`.`subpartition_id` = 1) AND (`forum_perms`.group_id = 1) LIMIT 1[0m
  [4;36;1mCACHE (0.0ms)[0m   [0;1mSELECT `users`.id FROM `users` WHERE (`users`.`id` = 1) LIMIT 1[0m
  [4;35;1mCACHE (0.0ms)[0m   [0mSELECT * FROM `users` WHERE (`users`.`id` = 1) [0m
  [4;36;1mOnline Load (0.4ms)[0m   [0;1mSELECT `onlines`.id FROM `onlines` WHERE (user_id = 1 and name = 'admin' ) LIMIT 1[0m
  [4;35;1mOnline Columns (0.8ms)[0m   [0mSHOW FIELDS FROM `onlines`[0m
  [4;36;1mOnline Indexes (0.5ms)[0m   [0;1mSHOW KEYS FROM `onlines`[0m
  [4;35;1mSQL (0.1ms)[0m   [0mBEGIN[0m
  [4;36;1mOnline Create (0.4ms)[0m   [0;1mINSERT INTO `onlines` (`name`, `last_post`, `prev_url`, `user_id`, `last_visit`, `last_search`) VALUES('admin', NULL, 'http://localhost:3000/forum/main', 1, '2011-11-12 10:57:37', NULL)[0m
  [4;35;1mSQL (47.6ms)[0m   [0mCOMMIT[0m
  [4;36;1mConfigs Load (0.8ms)[0m   [0;1mSELECT * FROM `configs` WHERE (`configs`.`name` = 'visit_timeout') LIMIT 1[0m
  [4;35;1mConfigs Load (2.7ms)[0m   [0mSELECT * FROM `configs` WHERE (`configs`.`name` = 'online_timeout') LIMIT 1[0m
  [4;36;1mOnline Load (3.3ms)[0m   [0;1mSELECT * FROM `onlines` WHERE (last_visit < '2011-11-12 10:57:07' or last_visit = '2011-11-12 10:57:07') [0m
  [4;35;1mPartition Load (0.3ms)[0m   [0mSELECT * FROM `partitions` [0m
  [4;36;1mGroup Load (0.4ms)[0m   [0;1mSELECT `groups`.id FROM `groups` WHERE (`groups`.`id` = 1) LIMIT 1[0m
  [4;35;1mGroup Load (0.5ms)[0m   [0mSELECT * FROM `groups` WHERE (`groups`.`id` = 1) [0m
  [4;36;1mSubpartition Load (1.5ms)[0m   [0;1mSELECT * FROM `subpartitions` WHERE (`subpartitions`.partition_id = 1) [0m
  [4;35;1mForumPerm Load (0.6ms)[0m   [0mSELECT * FROM `forum_perms` WHERE (`forum_perms`.`subpartition_id` = 1) AND (`forum_perms`.group_id = 1) LIMIT 1[0m
Rendering template within layouts/forum
Rendering forum/main
  [4;36;1msubpartitions_users Columns (1.4ms)[0m   [0;1mSHOW FIELDS FROM `subpartitions_users`[0m
  [4;35;1mUser Load (0.6ms)[0m   [0mSELECT * FROM `users` INNER JOIN `subpartitions_users` ON `users`.id = `subpartitions_users`.user_id WHERE (`subpartitions_users`.subpartition_id = 1 ) [0m
  [4;36;1mSQL (15.7ms)[0m   [0;1mSELECT count(*) AS count_all FROM `users` [0m
  [4;35;1mGroup Load (2.4ms)[0m   [0mSELECT * FROM `groups` WHERE (is_admin = 1) LIMIT 1[0m
  [4;36;1mGroup Load (2.7ms)[0m   [0;1mSELECT * FROM `groups` WHERE (`groups`.`is_guest` = 1) LIMIT 1[0m
  [4;35;1mUser Load (2.2ms)[0m   [0mSELECT * FROM `users` WHERE (group_id <> 2) [0m
  [4;36;1mCACHE (0.0ms)[0m   [0;1mSELECT * FROM `groups` WHERE (`groups`.`is_guest` = 1) LIMIT 1[0m
  [4;35;1mCACHE (0.0ms)[0m   [0mSELECT * FROM `users` WHERE (group_id <> 2) [0m
  [4;36;1mConfigs Load (0.6ms)[0m   [0;1mSELECT * FROM `configs` WHERE (`configs`.`name` = 'attach_allow_orphans') LIMIT 1[0m
  [4;35;1mTopic Columns (1.9ms)[0m   [0mSHOW FIELDS FROM `topics`[0m
  [4;36;1mTopic Indexes (0.5ms)[0m   [0;1mSHOW KEYS FROM `topics`[0m
  [4;35;1mSQL (0.3ms)[0m   [0mSELECT count(*) AS count_all FROM `topics` [0m
  [4;36;1mCACHE (0.0ms)[0m   [0;1mSELECT * FROM `configs` WHERE (`configs`.`name` = 'attach_allow_orphans') LIMIT 1[0m
  [4;35;1mPost Columns (1.6ms)[0m   [0mSHOW FIELDS FROM `posts`[0m
  [4;36;1mPost Indexes (0.4ms)[0m   [0;1mSHOW KEYS FROM `posts`[0m
  [4;35;1mSQL (0.4ms)[0m   [0mSELECT count(*) AS count_all FROM `posts` [0m
  [4;36;1mConfigs Load (0.5ms)[0m   [0;1mSELECT * FROM `configs` WHERE (`configs`.`name` = 'show_usersonline') LIMIT 1[0m
  [4;35;1mConfigs Load (0.4ms)[0m   [0mSELECT * FROM `configs` WHERE (`configs`.`name` = 'board_title') LIMIT 1[0m
  [4;36;1mConfigs Load (0.4ms)[0m   [0;1mSELECT * FROM `configs` WHERE (`configs`.`name` = 'board_desc') LIMIT 1[0m
Rendered forum/_board_title (0.2ms)
  [4;35;1mCACHE (0.0ms)[0m   [0mSELECT * FROM `groups` WHERE (is_admin = 1) LIMIT 1[0m
Rendered forum/_login_status (6.4ms)
  [4;36;1mConfigs Load (0.7ms)[0m   [0;1mSELECT * FROM `configs` WHERE (`configs`.`name` = 'allow_notice') LIMIT 1[0m
Rendered forum/_show_notice_block (1.8ms)
  [4;35;1mConfigs Load (1.6ms)[0m   [0mSELECT * FROM `configs` WHERE (`configs`.`name` = 'allow_jumpmenu') LIMIT 1[0m
  [4;36;1mConfigs Load (0.5ms)[0m   [0;1mSELECT * FROM `configs` WHERE (`configs`.`name` = 'show_version') LIMIT 1[0m
Rendered forum/_forum_basement (5.0ms)
  [4;35;1mUser Load (0.4ms)[0m   [0mSELECT `users`.id FROM `users` WHERE (`users`.`id` = 1) LIMIT 1[0m
  [4;36;1mUser Load (4.5ms)[0m   [0;1mSELECT * FROM `users` WHERE (`users`.`id` = 1) [0m
  [4;35;1mSQL (1.2ms)[0m   [0mBEGIN[0m
  [4;36;1mUser Load (2.6ms)[0m   [0;1mSELECT `users`.id FROM `users` WHERE (`users`.`name` = BINARY 'admin' AND `users`.id <> 1) LIMIT 1[0m
  [4;35;1mConfigs Load (0.5ms)[0m   [0mSELECT * FROM `configs` WHERE (`configs`.`name` = 'verify_registration') LIMIT 1[0m
  [4;36;1mCACHE (0.0ms)[0m   [0;1mSELECT * FROM `configs` WHERE (`configs`.`name` = 'verify_registration') LIMIT 1[0m
  [4;35;1mConfigs Load (0.5ms)[0m   [0mSELECT * FROM `configs` WHERE (`configs`.`name` = 'maxlines_signature') LIMIT 1[0m
  [4;36;1mConfigs Load (0.5ms)[0m   [0;1mSELECT * FROM `configs` WHERE (`configs`.`name` = 'email_registration') LIMIT 1[0m
  [4;35;1mBan Load (0.3ms)[0m   [0mSELECT `bans`.id FROM `bans` WHERE (email = 'admin@mail.com' and username <> 'admin') LIMIT 1[0m
  [4;36;1mConfigs Load (1.7ms)[0m   [0;1mSELECT * FROM `configs` WHERE (`configs`.`name` = 'email_registration_dub') LIMIT 1[0m
  [4;35;1mUser Load (0.5ms)[0m   [0mSELECT `users`.id FROM `users` WHERE (email = 'admin@mail.com' and id <> 1) LIMIT 1[0m
  [4;36;1mCACHE (0.0ms)[0m   [0;1mSELECT `users`.id FROM `users` WHERE (`users`.`id` = 1) LIMIT 1[0m
  [4;35;1mCACHE (0.0ms)[0m   [0mSELECT * FROM `users` WHERE (`users`.`id` = 1) [0m
  [4;36;1mSQL (0.2ms)[0m   [0;1mROLLBACK[0m
Completed in 776ms (View: 98, DB: 138) | 200 OK [http://localhost/forum/main]
  [4;35;1mSQL (0.1ms)[0m   [0mSET SQL_AUTO_IS_NULL=0[0m


Processing AdminController#info (for 127.0.0.1 at 2011-11-12 13:58:04) [GET]
  [4;36;1mConfigs Columns (4.8ms)[0m   [0;1mSHOW FIELDS FROM `configs`[0m
  [4;35;1mConfigs Indexes (0.5ms)[0m   [0mSHOW KEYS FROM `configs`[0m
  [4;36;1mConfigs Load (2.2ms)[0m   [0;1mSELECT * FROM `configs` WHERE (`configs`.`name` = 'maxwidth_avatars') LIMIT 1[0m
  [4;35;1mConfigs Load (2.9ms)[0m   [0mSELECT * FROM `configs` WHERE (`configs`.`name` = 'maxheight_avatars') LIMIT 1[0m
  [4;36;1mConfigs Load (2.5ms)[0m   [0;1mSELECT * FROM `configs` WHERE (`configs`.`name` = 'maxsize_avatars') LIMIT 1[0m
  [4;35;1mConfigs Load (0.5ms)[0m   [0mSELECT * FROM `configs` WHERE (`configs`.`name` = 'maxchar_signature') LIMIT 1[0m
  [4;36;1mUser Load (0.4ms)[0m   [0;1mSELECT `users`.id FROM `users` WHERE (`users`.`id` = 1) LIMIT 1[0m
  [4;35;1mUser Columns (2.5ms)[0m   [0mSHOW FIELDS FROM `users`[0m
  [4;36;1mUser Indexes (0.5ms)[0m   [0;1mSHOW KEYS FROM `users`[0m
  [4;35;1mUser Load (1.1ms)[0m   [0mSELECT * FROM `users` WHERE (`users`.`id` = 1) [0m
  [4;36;1mConfigs Load (0.6ms)[0m   [0;1mSELECT * FROM `configs` WHERE (`configs`.`name` = 'enable_maintenance') LIMIT 1[0m
  [4;35;1mBan Columns (0.9ms)[0m   [0mSHOW FIELDS FROM `bans`[0m
  [4;36;1mBan Indexes (1.3ms)[0m   [0;1mSHOW KEYS FROM `bans`[0m
  [4;35;1mBan Load (1.5ms)[0m   [0mSELECT * FROM `bans` WHERE (`bans`.`username` = 'admin') LIMIT 1[0m
  [4;36;1mCACHE (0.0ms)[0m   [0;1mSELECT `users`.id FROM `users` WHERE (`users`.`id` = 1) LIMIT 1[0m
  [4;35;1mCACHE (0.0ms)[0m   [0mSELECT * FROM `users` WHERE (`users`.`id` = 1) [0m
  [4;36;1mGroup Columns (5.3ms)[0m   [0;1mSHOW FIELDS FROM `groups`[0m
  [4;35;1mGroup Indexes (0.6ms)[0m   [0mSHOW KEYS FROM `groups`[0m
  [4;36;1mGroup Load (0.5ms)[0m   [0;1mSELECT * FROM `groups` WHERE (`groups`.`id` = 1) [0m
  [4;35;1mConfigs Load (0.4ms)[0m   [0mSELECT * FROM `configs` WHERE (`configs`.`name` = 'allow_jumpmenu') LIMIT 1[0m
  [4;36;1mPartition Load (0.3ms)[0m   [0;1mSELECT * FROM `partitions` [0m
  [4;35;1mGroup Load (0.4ms)[0m   [0mSELECT `groups`.id FROM `groups` WHERE (`groups`.`id` = 1) LIMIT 1[0m
  [4;36;1mCACHE (0.0ms)[0m   [0;1mSELECT * FROM `groups` WHERE (`groups`.`id` = 1) [0m
  [4;35;1mPartition Columns (0.7ms)[0m   [0mSHOW FIELDS FROM `partitions`[0m
  [4;36;1mPartition Indexes (2.4ms)[0m   [0;1mSHOW KEYS FROM `partitions`[0m
  [4;35;1mSubpartition Load (1.1ms)[0m   [0mSELECT * FROM `subpartitions` WHERE (`subpartitions`.partition_id = 1) [0m
  [4;36;1mSubpartition Columns (0.9ms)[0m   [0;1mSHOW FIELDS FROM `subpartitions`[0m
  [4;35;1mSubpartition Indexes (0.4ms)[0m   [0mSHOW KEYS FROM `subpartitions`[0m
  [4;36;1mForumPerm Columns (0.8ms)[0m   [0;1mSHOW FIELDS FROM `forum_perms`[0m
  [4;35;1mForumPerm Indexes (0.4ms)[0m   [0mSHOW KEYS FROM `forum_perms`[0m
  [4;36;1mForumPerm Load (0.4ms)[0m   [0;1mSELECT * FROM `forum_perms` WHERE (`forum_perms`.`subpartition_id` = 1) AND (`forum_perms`.group_id = 1) LIMIT 1[0m
  [4;35;1mCACHE (0.0ms)[0m   [0mSELECT `users`.id FROM `users` WHERE (`users`.`id` = 1) LIMIT 1[0m
  [4;36;1mCACHE (0.0ms)[0m   [0;1mSELECT * FROM `users` WHERE (`users`.`id` = 1) [0m
  [4;35;1mCACHE (0.0ms)[0m   [0mSELECT * FROM `groups` WHERE (`groups`.`id` = 1) [0m
  [4;36;1mGroup Load (0.5ms)[0m   [0;1mSELECT * FROM `groups` WHERE (is_admin = 1) LIMIT 1[0m
Rendering template within layouts/admin
Rendering admin/info
  [4;35;1mConfigs Load (2.1ms)[0m   [0mSELECT * FROM `configs` WHERE (`configs`.`name` = 'smtp_address') LIMIT 1[0m
  [4;36;1mReport Load (15.3ms)[0m   [0;1mSELECT * FROM `reports` WHERE (readed_at is null) LIMIT 1[0m
  [4;35;1mConfigs Load (0.9ms)[0m   [0mSELECT * FROM `configs` WHERE (`configs`.`name` = 'board_title') LIMIT 1[0m
  [4;36;1mConfigs Load (1.1ms)[0m   [0;1mSELECT * FROM `configs` WHERE (`configs`.`name` = 'board_version') LIMIT 1[0m
  [4;35;1mSQL (54.8ms)[0m   [0mSHOW TABLES[0m
  [4;36;1mSQL (1.9ms)[0m   [0;1mSELECT version FROM schema_migrations[0m
  [4;35;1mCACHE (0.0ms)[0m   [0mSELECT * FROM `configs` WHERE (`configs`.`name` = 'board_title') LIMIT 1[0m
  [4;36;1mConfigs Load (0.9ms)[0m   [0;1mSELECT * FROM `configs` WHERE (`configs`.`name` = 'board_desc') LIMIT 1[0m
Rendered forum/_board_title (0.2ms)
  [4;35;1mCACHE (0.0ms)[0m   [0mSELECT * FROM `groups` WHERE (is_admin = 1) LIMIT 1[0m
Rendered forum/_login_status (1.3ms)
  [4;36;1mCACHE (0.0ms)[0m   [0;1mSELECT * FROM `groups` WHERE (is_admin = 1) LIMIT 1[0m
  [4;35;1mCACHE (0.0ms)[0m   [0mSELECT * FROM `configs` WHERE (`configs`.`name` = 'allow_jumpmenu') LIMIT 1[0m
  [4;36;1mConfigs Load (0.5ms)[0m   [0;1mSELECT * FROM `configs` WHERE (`configs`.`name` = 'show_version') LIMIT 1[0m
Rendered forum/_forum_basement (3.3ms)
Completed in 891ms (View: 264, DB: 115) | 200 OK [http://localhost/admin/info]
